2023-01-31 11:18:40.549  INFO 3468 --- [restartedMain] c.pws.admin.PwsAdminServiceApplication   : Starting PwsAdminServiceApplication using Java 19.0.1 on Devil-666 with PID 3468 (C:\Users\U S E R\Downloads\Admin-Service-using-JWT-master\Admin-Service-using-JWT-master\target\classes started by U S E R in C:\Users\U S E R\Downloads\Admin-Service-using-JWT-master\Admin-Service-using-JWT-master)
2023-01-31 11:18:40.558  INFO 3468 --- [restartedMain] c.pws.admin.PwsAdminServiceApplication   : No active profile set, falling back to 1 default profile: "default"
2023-01-31 11:18:40.644  INFO 3468 --- [restartedMain] .e.DevToolsPropertyDefaultsPostProcessor : Devtools property defaults active! Set 'spring.devtools.add-properties' to 'false' to disable
2023-01-31 11:18:40.644  INFO 3468 --- [restartedMain] .e.DevToolsPropertyDefaultsPostProcessor : For additional web related logging consider setting the 'logging.level.web' property to 'DEBUG'
2023-01-31 11:18:42.344  INFO 3468 --- [restartedMain] .s.d.r.c.RepositoryConfigurationDelegate : Bootstrapping Spring Data JPA repositories in DEFAULT mode.
2023-01-31 11:18:42.827  INFO 3468 --- [restartedMain] .s.d.r.c.RepositoryConfigurationDelegate : Finished Spring Data repository scanning in 468 ms. Found 6 JPA repository interfaces.
2023-01-31 11:18:43.871  INFO 3468 --- [restartedMain] o.s.b.w.embedded.tomcat.TomcatWebServer  : Tomcat initialized with port(s): 8080 (http)
2023-01-31 11:18:43.890  INFO 3468 --- [restartedMain] o.apache.catalina.core.StandardService   : Starting service [Tomcat]
2023-01-31 11:18:43.891  INFO 3468 --- [restartedMain] org.apache.catalina.core.StandardEngine  : Starting Servlet engine: [Apache Tomcat/9.0.65]
2023-01-31 11:18:44.055  INFO 3468 --- [restartedMain] o.a.c.c.C.[Tomcat].[localhost].[/]       : Initializing Spring embedded WebApplicationContext
2023-01-31 11:18:44.056  INFO 3468 --- [restartedMain] w.s.c.ServletWebServerApplicationContext : Root WebApplicationContext: initialization completed in 3410 ms
2023-01-31 11:18:44.393  INFO 3468 --- [restartedMain] o.hibernate.jpa.internal.util.LogHelper  : HHH000204: Processing PersistenceUnitInfo [name: default]
2023-01-31 11:18:44.476  INFO 3468 --- [restartedMain] org.hibernate.Version                    : HHH000412: Hibernate ORM core version 5.6.10.Final
2023-01-31 11:18:44.737  INFO 3468 --- [restartedMain] o.hibernate.annotations.common.Version   : HCANN000001: Hibernate Commons Annotations {5.1.2.Final}
2023-01-31 11:18:44.869  INFO 3468 --- [restartedMain] com.zaxxer.hikari.HikariDataSource       : HikariPool-1 - Starting...
2023-01-31 11:18:45.280  INFO 3468 --- [restartedMain] com.zaxxer.hikari.HikariDataSource       : HikariPool-1 - Start completed.
2023-01-31 11:18:45.297  INFO 3468 --- [restartedMain] org.hibernate.dialect.Dialect            : HHH000400: Using dialect: org.hibernate.dialect.MySQL5Dialect
2023-01-31 11:18:46.743  INFO 3468 --- [restartedMain] o.h.e.t.j.p.i.JtaPlatformInitiator       : HHH000490: Using JtaPlatform implementation: [org.hibernate.engine.transaction.jta.platform.internal.NoJtaPlatform]
2023-01-31 11:18:46.755  INFO 3468 --- [restartedMain] j.LocalContainerEntityManagerFactoryBean : Initialized JPA EntityManagerFactory for persistence unit 'default'
2023-01-31 11:18:47.642  WARN 3468 --- [restartedMain] JpaBaseConfiguration$JpaWebConfiguration : spring.jpa.open-in-view is enabled by default. Therefore, database queries may be performed during view rendering. Explicitly configure spring.jpa.open-in-view to disable this warning
2023-01-31 11:18:48.025  INFO 3468 --- [restartedMain] o.s.s.web.DefaultSecurityFilterChain     : Will secure any request with [org.springframework.security.web.session.DisableEncodeUrlFilter@6eb41916, org.springframework.security.web.context.request.async.WebAsyncManagerIntegrationFilter@575b90e7, org.springframework.security.web.context.SecurityContextPersistenceFilter@584afb96, org.springframework.security.web.header.HeaderWriterFilter@494c5544, org.springframework.security.web.authentication.logout.LogoutFilter@6377dbfa, com.pws.admin.security.jwt.config.JwtFilter@663a694c, org.springframework.security.web.savedrequest.RequestCacheAwareFilter@40b088f5, org.springframework.security.web.servletapi.SecurityContextHolderAwareRequestFilter@754b815b, org.springframework.security.web.authentication.AnonymousAuthenticationFilter@3bcba8af, org.springframework.security.web.session.SessionManagementFilter@41a54d6f, org.springframework.security.web.access.ExceptionTranslationFilter@299c5e60, org.springframework.security.web.access.intercept.FilterSecurityInterceptor@307c1634]
2023-01-31 11:18:49.390  INFO 3468 --- [restartedMain] o.s.b.d.a.OptionalLiveReloadServer       : LiveReload server is running on port 35729
2023-01-31 11:18:49.458  INFO 3468 --- [restartedMain] o.s.b.w.embedded.tomcat.TomcatWebServer  : Tomcat started on port(s): 8080 (http) with context path ''
2023-01-31 11:18:49.472  INFO 3468 --- [restartedMain] c.pws.admin.PwsAdminServiceApplication   : Started PwsAdminServiceApplication in 9.532 seconds (JVM running for 10.392)
2023-01-31 11:19:05.585  INFO 3468 --- [http-nio-8080-exec-1] o.a.c.c.C.[Tomcat].[localhost].[/]       : Initializing Spring DispatcherServlet 'dispatcherServlet'
2023-01-31 11:19:05.586  INFO 3468 --- [http-nio-8080-exec-1] o.s.web.servlet.DispatcherServlet        : Initializing Servlet 'dispatcherServlet'
2023-01-31 11:19:05.588  INFO 3468 --- [http-nio-8080-exec-1] o.s.web.servlet.DispatcherServlet        : Completed initialization in 2 ms
2023-01-31 11:19:06.805  INFO 3468 --- [http-nio-8080-exec-6] o.springdoc.api.AbstractOpenApiResource  : Init duration for springdoc-openapi is: 642 ms
2023-01-31 12:34:18.550  WARN 3468 --- [HikariPool-1 housekeeper] com.zaxxer.hikari.pool.HikariPool        : HikariPool-1 - Thread starvation or clock leap detected (housekeeper delta=17m3s101ms859µs200ns).
2023-01-31 14:24:24.734  WARN 3468 --- [HikariPool-1 housekeeper] com.zaxxer.hikari.pool.HikariPool        : HikariPool-1 - Thread starvation or clock leap detected (housekeeper delta=32m5s73ms45µs600ns).
2023-01-31 14:31:46.534  INFO 3468 --- [SpringApplicationShutdownHook] j.LocalContainerEntityManagerFactoryBean : Closing JPA EntityManagerFactory for persistence unit 'default'
2023-01-31 14:31:46.539  INFO 3468 --- [SpringApplicationShutdownHook] com.zaxxer.hikari.HikariDataSource       : HikariPool-1 - Shutdown initiated...
2023-01-31 14:31:46.547  INFO 3468 --- [SpringApplicationShutdownHook] com.zaxxer.hikari.HikariDataSource       : HikariPool-1 - Shutdown completed.
2023-01-31 14:31:49.873  INFO 10900 --- [restartedMain] c.pws.admin.PwsAdminServiceApplication   : Starting PwsAdminServiceApplication using Java 19.0.1 on Devil-666 with PID 10900 (C:\Users\U S E R\Downloads\Admin-Service-using-JWT-master\Admin-Service-using-JWT-master\target\classes started by U S E R in C:\Users\U S E R\Downloads\Admin-Service-using-JWT-master\Admin-Service-using-JWT-master)
2023-01-31 14:31:49.875  INFO 10900 --- [restartedMain] c.pws.admin.PwsAdminServiceApplication   : No active profile set, falling back to 1 default profile: "default"
2023-01-31 14:31:49.944  INFO 10900 --- [restartedMain] .e.DevToolsPropertyDefaultsPostProcessor : Devtools property defaults active! Set 'spring.devtools.add-properties' to 'false' to disable
2023-01-31 14:31:49.944  INFO 10900 --- [restartedMain] .e.DevToolsPropertyDefaultsPostProcessor : For additional web related logging consider setting the 'logging.level.web' property to 'DEBUG'
2023-01-31 14:31:51.080  INFO 10900 --- [restartedMain] .s.d.r.c.RepositoryConfigurationDelegate : Bootstrapping Spring Data JPA repositories in DEFAULT mode.
2023-01-31 14:31:51.287  INFO 10900 --- [restartedMain] .s.d.r.c.RepositoryConfigurationDelegate : Finished Spring Data repository scanning in 198 ms. Found 6 JPA repository interfaces.
2023-01-31 14:31:52.117  INFO 10900 --- [restartedMain] o.s.b.w.embedded.tomcat.TomcatWebServer  : Tomcat initialized with port(s): 8080 (http)
2023-01-31 14:31:52.131  INFO 10900 --- [restartedMain] o.apache.catalina.core.StandardService   : Starting service [Tomcat]
2023-01-31 14:31:52.132  INFO 10900 --- [restartedMain] org.apache.catalina.core.StandardEngine  : Starting Servlet engine: [Apache Tomcat/9.0.65]
2023-01-31 14:31:52.239  INFO 10900 --- [restartedMain] o.a.c.c.C.[Tomcat].[localhost].[/]       : Initializing Spring embedded WebApplicationContext
2023-01-31 14:31:52.240  INFO 10900 --- [restartedMain] w.s.c.ServletWebServerApplicationContext : Root WebApplicationContext: initialization completed in 2295 ms
2023-01-31 14:31:52.438  INFO 10900 --- [restartedMain] o.hibernate.jpa.internal.util.LogHelper  : HHH000204: Processing PersistenceUnitInfo [name: default]
2023-01-31 14:31:52.505  INFO 10900 --- [restartedMain] org.hibernate.Version                    : HHH000412: Hibernate ORM core version 5.6.10.Final
2023-01-31 14:31:52.691  INFO 10900 --- [restartedMain] o.hibernate.annotations.common.Version   : HCANN000001: Hibernate Commons Annotations {5.1.2.Final}
2023-01-31 14:31:52.795  INFO 10900 --- [restartedMain] com.zaxxer.hikari.HikariDataSource       : HikariPool-1 - Starting...
2023-01-31 14:31:53.096  INFO 10900 --- [restartedMain] com.zaxxer.hikari.HikariDataSource       : HikariPool-1 - Start completed.
2023-01-31 14:31:53.110  INFO 10900 --- [restartedMain] org.hibernate.dialect.Dialect            : HHH000400: Using dialect: org.hibernate.dialect.MySQL5Dialect
2023-01-31 14:31:54.031  INFO 10900 --- [restartedMain] o.h.e.t.j.p.i.JtaPlatformInitiator       : HHH000490: Using JtaPlatform implementation: [org.hibernate.engine.transaction.jta.platform.internal.NoJtaPlatform]
2023-01-31 14:31:54.039  INFO 10900 --- [restartedMain] j.LocalContainerEntityManagerFactoryBean : Initialized JPA EntityManagerFactory for persistence unit 'default'
2023-01-31 14:31:54.699  WARN 10900 --- [restartedMain] JpaBaseConfiguration$JpaWebConfiguration : spring.jpa.open-in-view is enabled by default. Therefore, database queries may be performed during view rendering. Explicitly configure spring.jpa.open-in-view to disable this warning
2023-01-31 14:31:55.033  INFO 10900 --- [restartedMain] o.s.s.web.DefaultSecurityFilterChain     : Will secure any request with [org.springframework.security.web.session.DisableEncodeUrlFilter@601223b3, org.springframework.security.web.context.request.async.WebAsyncManagerIntegrationFilter@34e1777b, org.springframework.security.web.context.SecurityContextPersistenceFilter@79c66b73, org.springframework.security.web.header.HeaderWriterFilter@754b815b, org.springframework.security.web.authentication.logout.LogoutFilter@e911718, com.pws.admin.security.jwt.config.JwtFilter@62d05312, org.springframework.security.web.savedrequest.RequestCacheAwareFilter@585c1725, org.springframework.security.web.servletapi.SecurityContextHolderAwareRequestFilter@4841b784, org.springframework.security.web.authentication.AnonymousAuthenticationFilter@1c493e3, org.springframework.security.web.session.SessionManagementFilter@4b7a7fa5, org.springframework.security.web.access.ExceptionTranslationFilter@6c4de607, org.springframework.security.web.access.intercept.FilterSecurityInterceptor@1314964e]
2023-01-31 14:31:55.958  INFO 10900 --- [restartedMain] o.s.b.d.a.OptionalLiveReloadServer       : LiveReload server is running on port 35729
2023-01-31 14:31:55.999  INFO 10900 --- [restartedMain] o.s.b.w.embedded.tomcat.TomcatWebServer  : Tomcat started on port(s): 8080 (http) with context path ''
2023-01-31 14:31:56.012  INFO 10900 --- [restartedMain] c.pws.admin.PwsAdminServiceApplication   : Started PwsAdminServiceApplication in 6.667 seconds (JVM running for 7.295)
2023-01-31 14:32:00.587  INFO 10900 --- [SpringApplicationShutdownHook] j.LocalContainerEntityManagerFactoryBean : Closing JPA EntityManagerFactory for persistence unit 'default'
2023-01-31 14:32:00.590  INFO 10900 --- [SpringApplicationShutdownHook] com.zaxxer.hikari.HikariDataSource       : HikariPool-1 - Shutdown initiated...
2023-01-31 14:32:00.600  INFO 10900 --- [SpringApplicationShutdownHook] com.zaxxer.hikari.HikariDataSource       : HikariPool-1 - Shutdown completed.
2023-02-01 12:56:17.426  INFO 5232 --- [restartedMain] c.pws.admin.PwsAdminServiceApplication   : Starting PwsAdminServiceApplication using Java 19.0.2 on DESKTOP-CCRJIGP with PID 5232 (C:\Users\LENOVO\Downloads\PWS\admin-service\target\classes started by LENOVO in C:\Users\LENOVO\Downloads\PWS\admin-service)
2023-02-01 12:56:17.428  INFO 5232 --- [restartedMain] c.pws.admin.PwsAdminServiceApplication   : No active profile set, falling back to 1 default profile: "default"
2023-02-01 12:56:17.524  INFO 5232 --- [restartedMain] .e.DevToolsPropertyDefaultsPostProcessor : Devtools property defaults active! Set 'spring.devtools.add-properties' to 'false' to disable
2023-02-01 12:56:17.526  INFO 5232 --- [restartedMain] .e.DevToolsPropertyDefaultsPostProcessor : For additional web related logging consider setting the 'logging.level.web' property to 'DEBUG'
2023-02-01 12:56:19.022  INFO 5232 --- [restartedMain] .s.d.r.c.RepositoryConfigurationDelegate : Bootstrapping Spring Data JPA repositories in DEFAULT mode.
2023-02-01 12:56:19.361  INFO 5232 --- [restartedMain] .s.d.r.c.RepositoryConfigurationDelegate : Finished Spring Data repository scanning in 323 ms. Found 6 JPA repository interfaces.
2023-02-01 12:56:20.581  INFO 5232 --- [restartedMain] o.s.b.w.embedded.tomcat.TomcatWebServer  : Tomcat initialized with port(s): 8080 (http)
2023-02-01 12:56:20.608  INFO 5232 --- [restartedMain] o.apache.catalina.core.StandardService   : Starting service [Tomcat]
2023-02-01 12:56:20.609  INFO 5232 --- [restartedMain] org.apache.catalina.core.StandardEngine  : Starting Servlet engine: [Apache Tomcat/9.0.65]
2023-02-01 12:56:20.753  INFO 5232 --- [restartedMain] o.a.c.c.C.[Tomcat].[localhost].[/]       : Initializing Spring embedded WebApplicationContext
2023-02-01 12:56:20.754  INFO 5232 --- [restartedMain] w.s.c.ServletWebServerApplicationContext : Root WebApplicationContext: initialization completed in 3227 ms
2023-02-01 12:56:20.990  INFO 5232 --- [restartedMain] o.hibernate.jpa.internal.util.LogHelper  : HHH000204: Processing PersistenceUnitInfo [name: default]
2023-02-01 12:56:21.072  INFO 5232 --- [restartedMain] org.hibernate.Version                    : HHH000412: Hibernate ORM core version 5.6.10.Final
2023-02-01 12:56:21.363  INFO 5232 --- [restartedMain] o.hibernate.annotations.common.Version   : HCANN000001: Hibernate Commons Annotations {5.1.2.Final}
2023-02-01 12:56:21.513  INFO 5232 --- [restartedMain] com.zaxxer.hikari.HikariDataSource       : HikariPool-1 - Starting...
2023-02-01 12:56:21.993  INFO 5232 --- [restartedMain] com.zaxxer.hikari.HikariDataSource       : HikariPool-1 - Start completed.
2023-02-01 12:56:22.017  INFO 5232 --- [restartedMain] org.hibernate.dialect.Dialect            : HHH000400: Using dialect: org.hibernate.dialect.MySQL5Dialect
2023-02-01 12:56:23.214  INFO 5232 --- [restartedMain] o.h.e.t.j.p.i.JtaPlatformInitiator       : HHH000490: Using JtaPlatform implementation: [org.hibernate.engine.transaction.jta.platform.internal.NoJtaPlatform]
2023-02-01 12:56:23.220  INFO 5232 --- [restartedMain] j.LocalContainerEntityManagerFactoryBean : Initialized JPA EntityManagerFactory for persistence unit 'default'
2023-02-01 12:56:24.042  WARN 5232 --- [restartedMain] JpaBaseConfiguration$JpaWebConfiguration : spring.jpa.open-in-view is enabled by default. Therefore, database queries may be performed during view rendering. Explicitly configure spring.jpa.open-in-view to disable this warning
2023-02-01 12:56:24.428  INFO 5232 --- [restartedMain] o.s.s.web.DefaultSecurityFilterChain     : Will secure any request with [org.springframework.security.web.session.DisableEncodeUrlFilter@2ad382f8, org.springframework.security.web.context.request.async.WebAsyncManagerIntegrationFilter@7469b2f7, org.springframework.security.web.context.SecurityContextPersistenceFilter@180bad1, org.springframework.security.web.header.HeaderWriterFilter@399643f6, org.springframework.security.web.authentication.logout.LogoutFilter@4f6421e9, com.pws.admin.security.jwt.config.JwtFilter@59a78f1f, org.springframework.security.web.savedrequest.RequestCacheAwareFilter@37fb5acf, org.springframework.security.web.servletapi.SecurityContextHolderAwareRequestFilter@3c88dad8, org.springframework.security.web.authentication.AnonymousAuthenticationFilter@a730802, org.springframework.security.web.session.SessionManagementFilter@32334eb8, org.springframework.security.web.access.ExceptionTranslationFilter@3a5221d, org.springframework.security.web.access.intercept.FilterSecurityInterceptor@2872bd47]
2023-02-01 12:56:25.672  INFO 5232 --- [restartedMain] o.s.b.d.a.OptionalLiveReloadServer       : LiveReload server is running on port 35729
2023-02-01 12:56:25.717  INFO 5232 --- [restartedMain] o.s.b.w.embedded.tomcat.TomcatWebServer  : Tomcat started on port(s): 8080 (http) with context path ''
2023-02-01 12:56:25.731  INFO 5232 --- [restartedMain] c.pws.admin.PwsAdminServiceApplication   : Started PwsAdminServiceApplication in 8.922 seconds (JVM running for 10.183)
2023-02-01 12:56:39.533  INFO 5232 --- [http-nio-8080-exec-1] o.a.c.c.C.[Tomcat].[localhost].[/]       : Initializing Spring DispatcherServlet 'dispatcherServlet'
2023-02-01 12:56:39.533  INFO 5232 --- [http-nio-8080-exec-1] o.s.web.servlet.DispatcherServlet        : Initializing Servlet 'dispatcherServlet'
2023-02-01 12:56:39.536  INFO 5232 --- [http-nio-8080-exec-1] o.s.web.servlet.DispatcherServlet        : Completed initialization in 2 ms
2023-02-01 12:56:40.396  INFO 5232 --- [http-nio-8080-exec-6] o.springdoc.api.AbstractOpenApiResource  : Init duration for springdoc-openapi is: 462 ms
2023-02-01 13:00:22.982  INFO 5232 --- [SpringApplicationShutdownHook] j.LocalContainerEntityManagerFactoryBean : Closing JPA EntityManagerFactory for persistence unit 'default'
2023-02-01 13:00:22.988  INFO 5232 --- [SpringApplicationShutdownHook] com.zaxxer.hikari.HikariDataSource       : HikariPool-1 - Shutdown initiated...
2023-02-01 13:00:22.998  INFO 5232 --- [SpringApplicationShutdownHook] com.zaxxer.hikari.HikariDataSource       : HikariPool-1 - Shutdown completed.
2023-02-01 13:00:30.920  INFO 4432 --- [restartedMain] c.pws.admin.PwsAdminServiceApplication   : Starting PwsAdminServiceApplication using Java 19.0.2 on DESKTOP-CCRJIGP with PID 4432 (C:\Users\LENOVO\Downloads\PWS\admin-service\target\classes started by LENOVO in C:\Users\LENOVO\Downloads\PWS\admin-service)
2023-02-01 13:00:30.922  INFO 4432 --- [restartedMain] c.pws.admin.PwsAdminServiceApplication   : No active profile set, falling back to 1 default profile: "default"
2023-02-01 13:00:31.020  INFO 4432 --- [restartedMain] .e.DevToolsPropertyDefaultsPostProcessor : Devtools property defaults active! Set 'spring.devtools.add-properties' to 'false' to disable
2023-02-01 13:00:31.020  INFO 4432 --- [restartedMain] .e.DevToolsPropertyDefaultsPostProcessor : For additional web related logging consider setting the 'logging.level.web' property to 'DEBUG'
2023-02-01 13:00:32.106  INFO 4432 --- [restartedMain] .s.d.r.c.RepositoryConfigurationDelegate : Bootstrapping Spring Data JPA repositories in DEFAULT mode.
2023-02-01 13:00:32.289  INFO 4432 --- [restartedMain] .s.d.r.c.RepositoryConfigurationDelegate : Finished Spring Data repository scanning in 173 ms. Found 6 JPA repository interfaces.
2023-02-01 13:00:33.336  INFO 4432 --- [restartedMain] o.s.b.w.embedded.tomcat.TomcatWebServer  : Tomcat initialized with port(s): 8080 (http)
2023-02-01 13:00:33.360  INFO 4432 --- [restartedMain] o.apache.catalina.core.StandardService   : Starting service [Tomcat]
2023-02-01 13:00:33.361  INFO 4432 --- [restartedMain] org.apache.catalina.core.StandardEngine  : Starting Servlet engine: [Apache Tomcat/9.0.65]
2023-02-01 13:00:33.478  INFO 4432 --- [restartedMain] o.a.c.c.C.[Tomcat].[localhost].[/]       : Initializing Spring embedded WebApplicationContext
2023-02-01 13:00:33.478  INFO 4432 --- [restartedMain] w.s.c.ServletWebServerApplicationContext : Root WebApplicationContext: initialization completed in 2456 ms
2023-02-01 13:00:33.723  INFO 4432 --- [restartedMain] o.hibernate.jpa.internal.util.LogHelper  : HHH000204: Processing PersistenceUnitInfo [name: default]
2023-02-01 13:00:33.806  INFO 4432 --- [restartedMain] org.hibernate.Version                    : HHH000412: Hibernate ORM core version 5.6.10.Final
2023-02-01 13:00:33.999  INFO 4432 --- [restartedMain] o.hibernate.annotations.common.Version   : HCANN000001: Hibernate Commons Annotations {5.1.2.Final}
2023-02-01 13:00:34.125  INFO 4432 --- [restartedMain] com.zaxxer.hikari.HikariDataSource       : HikariPool-1 - Starting...
2023-02-01 13:00:34.472  INFO 4432 --- [restartedMain] com.zaxxer.hikari.HikariDataSource       : HikariPool-1 - Start completed.
2023-02-01 13:00:34.490  INFO 4432 --- [restartedMain] org.hibernate.dialect.Dialect            : HHH000400: Using dialect: org.hibernate.dialect.MySQL5Dialect
2023-02-01 13:00:35.571  INFO 4432 --- [restartedMain] o.h.e.t.j.p.i.JtaPlatformInitiator       : HHH000490: Using JtaPlatform implementation: [org.hibernate.engine.transaction.jta.platform.internal.NoJtaPlatform]
2023-02-01 13:00:35.578  INFO 4432 --- [restartedMain] j.LocalContainerEntityManagerFactoryBean : Initialized JPA EntityManagerFactory for persistence unit 'default'
2023-02-01 13:00:36.443  WARN 4432 --- [restartedMain] JpaBaseConfiguration$JpaWebConfiguration : spring.jpa.open-in-view is enabled by default. Therefore, database queries may be performed during view rendering. Explicitly configure spring.jpa.open-in-view to disable this warning
2023-02-01 13:00:36.830  INFO 4432 --- [restartedMain] o.s.s.web.DefaultSecurityFilterChain     : Will secure any request with [org.springframework.security.web.session.DisableEncodeUrlFilter@7d9f07e2, org.springframework.security.web.context.request.async.WebAsyncManagerIntegrationFilter@2d0ca136, org.springframework.security.web.context.SecurityContextPersistenceFilter@6df734de, org.springframework.security.web.header.HeaderWriterFilter@1f8e4e17, org.springframework.security.web.authentication.logout.LogoutFilter@479c2704, com.pws.admin.security.jwt.config.JwtFilter@27afb4ce, org.springframework.security.web.savedrequest.RequestCacheAwareFilter@744e2413, org.springframework.security.web.servletapi.SecurityContextHolderAwareRequestFilter@377267b9, org.springframework.security.web.authentication.AnonymousAuthenticationFilter@ca7dd14, org.springframework.security.web.session.SessionManagementFilter@37068428, org.springframework.security.web.access.ExceptionTranslationFilter@1e992b3c, org.springframework.security.web.access.intercept.FilterSecurityInterceptor@6f34990b]
2023-02-01 13:00:38.056  INFO 4432 --- [restartedMain] o.s.b.d.a.OptionalLiveReloadServer       : LiveReload server is running on port 35729
2023-02-01 13:00:38.106  INFO 4432 --- [restartedMain] o.s.b.w.embedded.tomcat.TomcatWebServer  : Tomcat started on port(s): 8080 (http) with context path ''
2023-02-01 13:00:38.123  INFO 4432 --- [restartedMain] c.pws.admin.PwsAdminServiceApplication   : Started PwsAdminServiceApplication in 7.805 seconds (JVM running for 8.447)
2023-02-01 13:00:42.574  INFO 4432 --- [http-nio-8080-exec-1] o.a.c.c.C.[Tomcat].[localhost].[/]       : Initializing Spring DispatcherServlet 'dispatcherServlet'
2023-02-01 13:00:42.574  INFO 4432 --- [http-nio-8080-exec-1] o.s.web.servlet.DispatcherServlet        : Initializing Servlet 'dispatcherServlet'
2023-02-01 13:00:42.576  INFO 4432 --- [http-nio-8080-exec-1] o.s.web.servlet.DispatcherServlet        : Completed initialization in 2 ms
2023-02-01 13:00:43.381  INFO 4432 --- [http-nio-8080-exec-4] o.springdoc.api.AbstractOpenApiResource  : Init duration for springdoc-openapi is: 486 ms
